Watching for file changes with StatReloader
"GET /?ide_webview_request_time=1755577817921 HTTP/1.1" 200 10664
Not Found: /@vite/client
"GET /@vite/client HTTP/1.1" 404 2117
"GET /?ide_webview_request_time=1755577843019 HTTP/1.1" 200 10664
Not Found: /@vite/client
"GET /@vite/client HTTP/1.1" 404 2117
D:\github项目\LearnSail_server\learn_sail\learn_sail\settings.py changed, reloading.
Watching for file changes with StatReloader
"GET /?ide_webview_request_time=1755577996377 HTTP/1.1" 200 10664
Not Found: /@vite/client
"GET /@vite/client HTTP/1.1" 404 2117
Watching for file changes with StatReloader
"GET / HTTP/1.1" 200 10664
Watching for file changes with StatReloader
"GET / HTTP/1.1" 200 10664
D:\github项目\LearnSail_server\learn_sail\learn_sail\urls.py changed, reloading.
Watching for file changes with StatReloader
D:\github项目\LearnSail_server\learn_sail\learn_sail\urls.py changed, reloading.
Watching for file changes with StatReloader
D:\github项目\LearnSail_server\learn_sail\users\urls.py changed, reloading.
Watching for file changes with StatReloader
